Build started 29/03/2017 19:30:21.
     1>Project "C:\Users\Admin\Desktop\Graphics Workshop Final\build\myGame.vcxproj" on node 2 (Build target(s)).
     1>InitializeBuildStatus:
         Creating "myGame.dir\Debug\myGame.tlog\unsuccessfulbuild" because "AlwaysCreate" was specified.
       CustomBuild:
         All outputs are up-to-date.
       ClCompile:
         C:\Program Files (x86)\Microsoft Visual Studio 14.0\VC\bin\x86_amd64\CL.exe /c /IC:\Users\Admin\.conan\data\SDL2_image\2.0.1\lasote\stable\package\66b8014737db0fe52f2cc8f1770faf9dbc21a30d\include /IC:\Users\Admin\.conan\data\SDL2_mixer\2.0.1\a_teammate\testing\package\ce34dc50d00bd61744f4d45bdbea986a8a8ce1b9\include /IC:\Users\Admin\.conan\data\SDL2_mixer\2.0.1\a_teammate\testing\package\ce34dc50d00bd61744f4d45bdbea986a8a8ce1b9\include\SDL2 /IC:\Users\Admin\.conan\data\SDL2_ttf\2.0.14\hilborn\stable\package\881c23e283f53ff55197ea6cd0a98e4369df405a\include /IC:\Users\Admin\.conan\data\glew\2.0.0\coding3d\stable\package\63da998e3642b50bee33f4449826b2d623661505\include /IC:\Users\Admin\.conan\data\glm\0.9.7.6\dlarudgus20\stable\package\5ab84d6acfe1f23c4fae0ab88f26e3a396351ac9\include /IC:\Users\Admin\.conan\data\SDL2\2.0.5\shearer12345\testing\package\91ccb03e0dea4be83e98d3bb24f796dc48e5be84\include /IC:\Users\Admin\.conan\data\SDL2\2.0.5\shearer12345\testing\package\91ccb03e0dea4be83e98d3bb24f796dc48e5be84\include\SDL2 /I"C:\Users\Admin\.conan\data\libjpeg-turbo\1.5.1\lasote\stable\package\9fa351ac1b30ceabd1b27310408605a456b5fd86\include" /IC:\Users\Admin\.conan\data\libpng\1.6.21\lasote\stable\package\ee5dab950b6ea94ae953b93c55343e98c2ec39df\include /IC:\Users\Admin\.conan\data\nasm\2.12.02\lasote\stable\package\ca33edce272a279b24f87dc0d4cf5bbdcffbc187\include /IC:\Users\Admin\.conan\data\zlib\1.2.8\lasote\stable\package\63da998e3642b50bee33f4449826b2d623661505\include /Zi /nologo /W3 /WX- /Od /Ob0 /D WIN32 /D _WINDOWS /D _DEBUG /D GLEW_STATIC /D "CMAKE_INTDIR=\"Debug\"" /D _MBCS /Gm- /EHsc /RTC1 /MDd /GS /fp:precise /Zc:wchar_t /Zc:forScope /Zc:inline /GR /Fo"myGame.dir\Debug\\" /Fd"myGame.dir\Debug\vc140.pdb" /Gd /TP /errorReport:prompt "C:\Users\Admin\Desktop\Graphics Workshop Final\src\Bullet.cpp" "C:\Users\Admin\Desktop\Graphics Workshop Final\src\main.cpp"
         Bullet.cpp
     1>C:\Users\Admin\Desktop\Graphics Workshop Final\src\Bullet.cpp(10): warning C4244: '=': conversion from 'double' to 'float', possible loss of data
     1>C:\Users\Admin\Desktop\Graphics Workshop Final\src\Bullet.cpp(28): warning C4244: '=': conversion from 'double' to 'float', possible loss of data
         main.cpp
         Generating Code...
       Link:
         C:\Program Files (x86)\Microsoft Visual Studio 14.0\VC\bin\x86_amd64\link.exe /ERRORREPORT:PROMPT /OUT:"C:\Users\Admin\Desktop\Graphics Workshop Final\build\bin\myGame.exe" /INCREMENTAL /NOLOGO /LIBPATH:C:/Users/Admin/.conan/data/SDL2_image/2.0.1/lasote/stable/package/66b8014737db0fe52f2cc8f1770faf9dbc21a30d/lib /LIBPATH:C:/Users/Admin/.conan/data/SDL2_image/2.0.1/lasote/stable/package/66b8014737db0fe52f2cc8f1770faf9dbc21a30d/lib/Debug /LIBPATH:C:/Users/Admin/.conan/data/SDL2_mixer/2.0.1/a_teammate/testing/package/ce34dc50d00bd61744f4d45bdbea986a8a8ce1b9/lib /LIBPATH:C:/Users/Admin/.conan/data/SDL2_mixer/2.0.1/a_teammate/testing/package/ce34dc50d00bd61744f4d45bdbea986a8a8ce1b9/lib/Debug /LIBPATH:C:/Users/Admin/.conan/data/SDL2_ttf/2.0.14/hilborn/stable/package/881c23e283f53ff55197ea6cd0a98e4369df405a/lib /LIBPATH:C:/Users/Admin/.conan/data/SDL2_ttf/2.0.14/hilborn/stable/package/881c23e283f53ff55197ea6cd0a98e4369df405a/lib/Debug /LIBPATH:C:/Users/Admin/.conan/data/glew/2.0.0/coding3d/stable/package/63da998e3642b50bee33f4449826b2d623661505/lib /LIBPATH:C:/Users/Admin/.conan/data/glew/2.0.0/coding3d/stable/package/63da998e3642b50bee33f4449826b2d623661505/lib/Debug /LIBPATH:C:/Users/Admin/.conan/data/glm/0.9.7.6/dlarudgus20/stable/package/5ab84d6acfe1f23c4fae0ab88f26e3a396351ac9/lib /LIBPATH:C:/Users/Admin/.conan/data/glm/0.9.7.6/dlarudgus20/stable/package/5ab84d6acfe1f23c4fae0ab88f26e3a396351ac9/lib/Debug /LIBPATH:C:/Users/Admin/.conan/data/SDL2/2.0.5/shearer12345/testing/package/91ccb03e0dea4be83e98d3bb24f796dc48e5be84/lib /LIBPATH:C:/Users/Admin/.conan/data/SDL2/2.0.5/shearer12345/testing/package/91ccb03e0dea4be83e98d3bb24f796dc48e5be84/lib/Debug /LIBPATH:"C:/Users/Admin/.conan/data/libjpeg-turbo/1.5.1/lasote/stable/package/9fa351ac1b30ceabd1b27310408605a456b5fd86/lib" /LIBPATH:"C:/Users/Admin/.conan/data/libjpeg-turbo/1.5.1/lasote/stable/package/9fa351ac1b30ceabd1b27310408605a456b5fd86/lib/Debug" /LIBPATH:C:/Users/Admin/.conan/data/libpng/1.6.21/lasote/stable/package/ee5dab950b6ea94ae953b93c55343e98c2ec39df/lib /LIBPATH:C:/Users/Admin/.conan/data/libpng/1.6.21/lasote/stable/package/ee5dab950b6ea94ae953b93c55343e98c2ec39df/lib/Debug /LIBPATH:C:/Users/Admin/.conan/data/nasm/2.12.02/lasote/stable/package/ca33edce272a279b24f87dc0d4cf5bbdcffbc187/lib /LIBPATH:C:/Users/Admin/.conan/data/nasm/2.12.02/lasote/stable/package/ca33edce272a279b24f87dc0d4cf5bbdcffbc187/lib/Debug /LIBPATH:C:/Users/Admin/.conan/data/zlib/1.2.8/lasote/stable/package/63da998e3642b50bee33f4449826b2d623661505/lib /LIBPATH:C:/Users/Admin/.conan/data/zlib/1.2.8/lasote/stable/package/63da998e3642b50bee33f4449826b2d623661505/lib/Debug kernel32.lib user32.lib gdi32.lib winspool.lib shell32.lib ole32.lib oleaut32.lib uuid.lib comdlg32.lib advapi32.lib SDL2_image.lib SDL2_mixer.lib SDL2_ttf.lib glew32s.lib OpenGL32.lib SDL2.lib OpenGL32.lib SDL2main.lib SDL2.lib user32.lib gdi32.lib winmm.lib imm32.lib ole32.lib oleaut32.lib version.lib uuid.lib "jpeg-static.lib" "turbojpeg-static.lib" libpng16_static.lib zlibstatic.lib OpenGL32.lib SDL2main.lib user32.lib gdi32.lib winmm.lib imm32.lib ole32.lib oleaut32.lib version.lib uuid.lib "jpeg-static.lib" "turbojpeg-static.lib" libpng16_static.lib zlibstatic.lib /NODEFAULTLIB:LIBCMTD /NODEFAULTLIB:LIBCMT /MANIFEST /MANIFESTUAC:"level='asInvoker' uiAccess='false'" /manifest:embed /DEBUG /PDB:"C:/Users/Admin/Desktop/Graphics Workshop Final/build/bin/myGame.pdb" /SUBSYSTEM:CONSOLE /TLBID:1 /DYNAMICBASE /NXCOMPAT /IMPLIB:"C:/Users/Admin/Desktop/Graphics Workshop Final/build/lib/myGame.lib" /MACHINE:X64  /machine:x64 myGame.dir\Debug\main.obj
         myGame.dir\Debug\Aliens.obj
         myGame.dir\Debug\Player.obj
         myGame.dir\Debug\Bullet.obj
         myGame.dir\Debug\Barricade.obj
         myGame.vcxproj -> C:\Users\Admin\Desktop\Graphics Workshop Final\build\bin\myGame.exe
       FinalizeBuildStatus:
         Deleting file "myGame.dir\Debug\myGame.tlog\unsuccessfulbuild".
         Touching "myGame.dir\Debug\myGame.tlog\myGame.lastbuildstate".
     1>Done Building Project "C:\Users\Admin\Desktop\Graphics Workshop Final\build\myGame.vcxproj" (Build target(s)).

Build succeeded.

Time Elapsed 00:00:01.81
